<?xml version="1.0" encoding="UTF-8"?>
<!-- Generated by org.testng.reporters.JUnitReportReporter -->
<testsuite hostname="SD" failures="0" tests="2" name="com.qa.luma.testcases.CatalogSearchTestCases" time="2.210" errors="0" timestamp="2023-02-11T00:03:32 PST" skipped="0">
  <testcase classname="com.qa.luma.testcases.CatalogSearchTestCases" name="verifyEnterSearchKeyword" time="1.974"/>
  <system-out/>
  <testcase classname="com.qa.luma.testcases.CatalogSearchTestCases" name="verifyGetProductPrices" time="0.236"/>
  <system-out/>
</testsuite> <!-- com.qa.luma.testcases.CatalogSearchTestCases -->
