<?xml version="1.0" encoding="UTF-8"?>
<!-- Generated by org.testng.reporters.JUnitReportReporter -->
<testsuite hostname="SD" failures="0" tests="2" name="com.qa.luma.testcases.SearchResultTestCases" time="4.473" errors="0" timestamp="2023-01-05T14:40:17 PST" skipped="0">
  <testcase classname="com.qa.luma.testcases.SearchResultTestCases" name="verifyItem" time="2.182"/>
  <system-out/>
  <testcase classname="com.qa.luma.testcases.SearchResultTestCases" name="verifyClickOnItems" time="2.291"/>
  <system-out/>
</testsuite> <!-- com.qa.luma.testcases.SearchResultTestCases -->
