<?xml version="1.0" encoding="UTF-8"?>
<!-- Generated by org.testng.reporters.JUnitReportReporter -->
<testsuite hostname="SD" failures="0" tests="2" name="com.qa.luma.testcases.SignUpTestCases" time="10.129" errors="0" timestamp="2023-02-11T00:03:32 PST" skipped="0">
  <testcase classname="com.qa.luma.testcases.SignUpTestCases" name="verifySignUpLink" time="2.049"/>
  <system-out/>
  <testcase classname="com.qa.luma.testcases.SignUpTestCases" name="verifyCreateAnAccount" time="8.080"/>
  <system-out/>
</testsuite> <!-- com.qa.luma.testcases.SignUpTestCases -->
