<?xml version="1.0" encoding="UTF-8"?>
<!-- Generated by org.testng.reporters.JUnitReportReporter -->
<testsuite hostname="SD" failures="0" tests="1" name="com.qa.luma.browser.LaunchBrowser" time="0.060" errors="0" timestamp="2022-12-29T01:32:55 PST" skipped="0">
  <testcase classname="com.qa.luma.browser.LaunchBrowser" name="test" time="0.060"/>
  <system-out/>
</testsuite> <!-- com.qa.luma.browser.LaunchBrowser -->
